RUN	com.zemtpeople.gatling.ZentVideo	zentvideo	1574350535029	 	3.3.1
ERROR	request_0: Failed to build request: Resource com/zemtpeople/gatling/zentvideo/0000_request.dat not found 	1574350536643
USER	ZentVideo	1	START	1574350536599	1574350536599
REQUEST	1		request_3	1574350545718	1574350546217	OK	 
ERROR	request_4: Failed to build request: Resource com/zemtpeople/gatling/zentvideo/0004_request.dat not found 	1574350546329
ERROR	request_5: Failed to build request: Resource com/zemtpeople/gatling/zentvideo/0005_request.dat not found 	1574350546330
ERROR	request_6: Failed to build request: Resource com/zemtpeople/gatling/zentvideo/0006_request.dat not found 	1574350546330
ERROR	request_7: Failed to build request: Resource com/zemtpeople/gatling/zentvideo/0007_request.dat not found 	1574350546330
REQUEST	1		jquery-ui.css	1574350546341	1574350546410	OK	 
REQUEST	1		font-awesome.min.css	1574350546345	1574350546703	OK	 
REQUEST	1		bootstrap.min.js	1574350546347	1574350546737	OK	 
REQUEST	1		additional.css	1574350546345	1574350546763	OK	 
REQUEST	1		jquery-2.2.4.min.js	1574350546346	1574350546902	OK	 
REQUEST	1		style.css	1574350546726	1574350546911	OK	 
REQUEST	1		header.css	1574350546746	1574350546941	OK	 
REQUEST	1		bootstrap.min.css	1574350546344	1574350546954	OK	 
REQUEST	1		auto-complete.css	1574350546775	1574350547002	OK	 
REQUEST	1		favicon.ico	1574350546343	1574350547072	OK	 
REQUEST	1		logo.png	1574350546905	1574350547089	OK	 
REQUEST	1		css?family=Poppins	1574350546930	1574350547106	OK	 
REQUEST	1		jquery-ui.js	1574350546347	1574350547182	OK	 
REQUEST	1		request_8	1574350546936	1574350547627	OK	 
REQUEST	1		request_9	1574350561637	1574350562034	OK	 
REQUEST	1		bootstrap3-typeahead.min.js	1574350562128	1574350562154	OK	 
REQUEST	1		jquery.lazy.plugins.min.js	1574350562135	1574350562169	OK	 
REQUEST	1		jquery.lazy.min.js	1574350562134	1574350562171	OK	 
REQUEST	1		ionicons.min.css	1574350562130	1574350562307	OK	 
REQUEST	1		responsive.css	1574350562133	1574350562502	OK	 
REQUEST	1		blue.css	1574350562326	1574350562513	OK	 
REQUEST	1		socicon-styles.css	1574350562130	1574350562523	OK	 
REQUEST	1		hover-min.css	1574350562131	1574350562537	OK	 
REQUEST	1		animate.css	1574350562132	1574350562555	OK	 
REQUEST	1		styles.css	1574350562133	1574350562574	OK	 
REQUEST	1		css?family=Open+Sans:300,300i,400,600,700	1574350562594	1574350562637	OK	 
REQUEST	1		dark.css	1574350562509	1574350562679	OK	 
REQUEST	1		css?family=Montserrat	1574350562597	1574350562695	OK	 
REQUEST	1		parsley.min.js	1574350562519	1574350562697	OK	 
REQUEST	1		sweetalert2.min.css	1574350562531	1574350562706	OK	 
REQUEST	1		ovoo.js	1574350562549	1574350562727	OK	 
REQUEST	1		sweetalert2.min.js	1574350562568	1574350562755	OK	 
REQUEST	1		request_10	1574350562602	1574350563152	OK	 
REQUEST	1		request_11	1574350562681	1574350563367	OK	 
REQUEST	1		request_12	1574350572395	1574350572922	OK	 
REQUEST	1		request_13	1574350572952	1574350573246	OK	 
REQUEST	1		request_17	1574350572962	1574350573318	OK	 
REQUEST	1		request_15	1574350572957	1574350573329	OK	 
REQUEST	1		request_14	1574350572954	1574350573338	OK	 
REQUEST	1		request_18	1574350572965	1574350573348	OK	 
REQUEST	1		request_16	1574350572960	1574350573356	OK	 
REQUEST	1		request_19	1574350573249	1574350573441	OK	 
REQUEST	1		request_20	1574350573324	1574350573502	OK	 
REQUEST	1		request_21	1574350573333	1574350573516	OK	 
REQUEST	1		request_22	1574350573343	1574350573531	OK	 
REQUEST	1		request_23	1574350573351	1574350573540	OK	 
REQUEST	1		request_24	1574350573358	1574350573548	OK	 
REQUEST	1		request_29	1574350573543	1574350573726	OK	 
REQUEST	1		request_25	1574350573444	1574350573789	OK	 
REQUEST	1		request_27	1574350573519	1574350573875	OK	 
REQUEST	1		request_28	1574350573535	1574350573893	OK	 
REQUEST	1		request_26	1574350573506	1574350573902	OK	 
REQUEST	1		request_31	1574350573727	1574350573906	OK	 
REQUEST	1		request_30	1574350573570	1574350573934	OK	 
REQUEST	1		css?family=Open+Sans:300,400,600,700	1574350573899	1574350573940	OK	 
REQUEST	1		css?family=PT+Sans|Lato:300,400,400i,700	1574350573899	1574350573944	OK	 
REQUEST	1		css?family=Niconne	1574350573900	1574350573994	OK	 
REQUEST	1		request_32	1574350573790	1574350574306	OK	 
REQUEST	1		request_33	1574350590305	1574350590782	OK	 
REQUEST	1		user.jpg?1574350591	1574350590839	1574350591033	OK	 
REQUEST	1		jquery.form.min.js	1574350590841	1574350591216	OK	 
REQUEST	1		bootstrap-tagsinput.min.js	1574350590842	1574350591223	OK	 
REQUEST	1		daterangepicker.js	1574350591035	1574350591233	OK	 
REQUEST	1		thumbnail.jpg	1574350590839	1574350591237	OK	 
REQUEST	1		moment.js	1574350590843	1574350591388	OK	 
REQUEST	1		bootstrap-datepicker.min.js	1574350591219	1574350591407	OK	 
REQUEST	1		bootstrap-filestyle.min.js	1574350591226	1574350591413	OK	 
REQUEST	1		select2.min.js	1574350591235	1574350591437	OK	 
REQUEST	1		date.js	1574350591390	1574350591570	OK	 
REQUEST	1		poster.jpg	1574350590840	1574350591574	OK	 
REQUEST	1		summernote.min.js	1574350591239	1574350591621	OK	 
REQUEST	1		font-awesome.min.css	1574350590844	1574350591954	OK	 
REQUEST	1		request_34	1574350605965	1574350606343	OK	 
REQUEST	1		request_35	1574350608346	1574350608541	OK	 
REQUEST	1		request_36	1574350610545	1574350610744	OK	 
ERROR	request_37: Failed to build request: Resource com/zemtpeople/gatling/zentvideo/0037_request.dat not found 	1574350653744
REQUEST	1		request_40	1574350663745	1574350664158	OK	 
ERROR	request_41: Failed to build request: Resource com/zemtpeople/gatling/zentvideo/0041_request.dat not found 	1574350664206
ERROR	request_42: Failed to build request: Resource com/zemtpeople/gatling/zentvideo/0042_request.dat not found 	1574350664206
ERROR	request_43: Failed to build request: Resource com/zemtpeople/gatling/zentvideo/0043_request.dat not found 	1574350664206
ERROR	request_44: Failed to build request: Resource com/zemtpeople/gatling/zentvideo/0044_request.dat not found 	1574350664207
REQUEST	1		video-js.css	1574350664212	1574350664402	OK	 
REQUEST	1		videojs-share.css	1574350664216	1574350664560	OK	 
REQUEST	1		videojs-tube.min.css	1574350664213	1574350664567	OK	 
REQUEST	1		videojs-seek-buttons.css	1574350664216	1574350664572	OK	 
REQUEST	1		user.jpg	1574350664411	1574350664597	OK	 
REQUEST	1		videojs-logo.min.css	1574350664215	1574350664601	OK	 
REQUEST	1		css?family=Material+Icons	1574350664577	1574350664678	OK	 
REQUEST	1		imdb-logo.png	1574350664564	1574350664734	OK	 
REQUEST	1		video.min.js	1574350664214	1574350664966	OK	 
REQUEST	1		request_45	1574350678965	1574350679363	OK	 
REQUEST	1		request_46	1574350679368	1574350679584	OK	 
USER	ZentVideo	1	END	1574350536599	1574350679605
