RUN	com.zemtpeople.gatling.ZentVideo	zentvideo	1574353327962	 	3.3.1
USER	ZentVideo	1	START	1574353329545	1574353329545
REQUEST	1		Homepage	1574353329590	1574353330052	OK	 
ERROR	request_4: Failed to build request: Resource com/zemtpeople/gatling/zentvideo/0004_request.dat not found 	1574353330174
ERROR	request_5: Failed to build request: Resource com/zemtpeople/gatling/zentvideo/0005_request.dat not found 	1574353330175
ERROR	request_6: Failed to build request: Resource com/zemtpeople/gatling/zentvideo/0006_request.dat not found 	1574353330176
ERROR	request_7: Failed to build request: Resource com/zemtpeople/gatling/zentvideo/0007_request.dat not found 	1574353330177
REQUEST	1		Login Page	1574353331676	1574353331900	OK	 
REQUEST	1		Click Login	1574353333205	1574353333412	OK	 
REQUEST	1		Click Movies	1574353334401	1574353334635	OK	 
REQUEST	1		request_34	1574353335267	1574353335520	OK	 
REQUEST	1		request_35	1574353335525	1574353335854	OK	 
REQUEST	1		request_36	1574353335859	1574353336139	OK	 
ERROR	Click create Video: Failed to build request: Resource com/zemtpeople/gatling/zentvideo/0037_request.dat not found 	1574353336143
REQUEST	1		Preview Uploaded File	1574353336149	1574353336497	OK	 
ERROR	request_41: Failed to build request: Resource com/zemtpeople/gatling/zentvideo/0041_request.dat not found 	1574353336545
ERROR	request_42: Failed to build request: Resource com/zemtpeople/gatling/zentvideo/0042_request.dat not found 	1574353336545
ERROR	request_43: Failed to build request: Resource com/zemtpeople/gatling/zentvideo/0043_request.dat not found 	1574353336545
ERROR	request_44: Failed to build request: Resource com/zemtpeople/gatling/zentvideo/0044_request.dat not found 	1574353336545
REQUEST	1		logout	1574353336925	1574353337146	OK	 
USER	ZentVideo	1	END	1574353329545	1574353337430
