RUN	com.zemtpeople.gatling.ZentVideo	zentvideo	1574352662666	 	3.3.1
USER	ZentVideo	1	START	1574352664151	1574352664151
REQUEST	1		Homepage	1574352664191	1574352664760	OK	 
ERROR	request_4: Failed to build request: Resource com/zemtpeople/gatling/zentvideo/0004_request.dat not found 	1574352664887
ERROR	request_5: Failed to build request: Resource com/zemtpeople/gatling/zentvideo/0005_request.dat not found 	1574352664887
ERROR	request_6: Failed to build request: Resource com/zemtpeople/gatling/zentvideo/0006_request.dat not found 	1574352664887
ERROR	request_7: Failed to build request: Resource com/zemtpeople/gatling/zentvideo/0007_request.dat not found 	1574352664888
REQUEST	1		jquery-ui.css	1574352664898	1574352664966	OK	 
REQUEST	1		bootstrap.min.js	1574352664906	1574352665270	OK	 
REQUEST	1		font-awesome.min.css	1574352664904	1574352665283	OK	 
REQUEST	1		additional.css	1574352664904	1574352665318	OK	 
REQUEST	1		jquery-2.2.4.min.js	1574352664905	1574352665428	OK	 
REQUEST	1		style.css	1574352665276	1574352665453	OK	 
REQUEST	1		bootstrap.min.css	1574352664903	1574352665476	OK	 
REQUEST	1		header.css	1574352665307	1574352665514	OK	 
REQUEST	1		auto-complete.css	1574352665329	1574352665545	OK	 
REQUEST	1		logo.png	1574352665430	1574352665602	OK	 
REQUEST	1		css?family=Poppins	1574352665463	1574352665616	OK	 
REQUEST	1		favicon.ico	1574352664902	1574352665645	OK	 
REQUEST	1		jquery-ui.js	1574352664906	1574352665691	OK	 
REQUEST	1		request_8	1574352665467	1574352666163	OK	 
REQUEST	1		Login Page	1574352666168	1574352666602	OK	 
REQUEST	1		bootstrap3-typeahead.min.js	1574352666701	1574352666716	OK	 
REQUEST	1		jquery.lazy.min.js	1574352666706	1574352666740	OK	 
REQUEST	1		jquery.lazy.plugins.min.js	1574352666706	1574352666746	OK	 
REQUEST	1		hover-min.css	1574352666704	1574352666881	OK	 
REQUEST	1		styles.css	1574352666705	1574352666899	OK	 
REQUEST	1		socicon-styles.css	1574352666703	1574352666928	OK	 
REQUEST	1		ionicons.min.css	1574352666703	1574352666940	OK	 
REQUEST	1		responsive.css	1574352666705	1574352666955	OK	 
REQUEST	1		animate.css	1574352666704	1574352666971	OK	 
REQUEST	1		css?family=Open+Sans:300,300i,400,600,700	1574352666916	1574352666987	OK	 
REQUEST	1		blue.css	1574352666893	1574352667065	OK	 
REQUEST	1		css?family=Montserrat	1574352666919	1574352667086	OK	 
REQUEST	1		dark.css	1574352666922	1574352667100	OK	 
REQUEST	1		parsley.min.js	1574352666934	1574352667128	OK	 
REQUEST	1		sweetalert2.min.css	1574352666948	1574352667135	OK	 
REQUEST	1		ovoo.js	1574352666963	1574352667150	OK	 
REQUEST	1		sweetalert2.min.js	1574352666980	1574352667179	OK	 
REQUEST	1		request_10	1574352667070	1574352667412	OK	 
REQUEST	1		request_11	1574352667105	1574352667453	OK	 
REQUEST	1		Click Login	1574352667474	1574352667687	OK	 
REQUEST	1		request_16	1574352667726	1574352667901	OK	 
REQUEST	1		request_17	1574352667728	1574352667908	OK	 
REQUEST	1		request_14	1574352667722	1574352667917	OK	 
REQUEST	1		request_18	1574352667729	1574352667926	OK	 
REQUEST	1		request_15	1574352667724	1574352667933	OK	 
REQUEST	1		request_13	1574352667720	1574352667990	OK	 
REQUEST	1		request_19	1574352667904	1574352668077	OK	 
REQUEST	1		request_20	1574352667912	1574352668088	OK	 
REQUEST	1		request_21	1574352667921	1574352668111	OK	 
REQUEST	1		request_22	1574352667929	1574352668119	OK	 
REQUEST	1		request_23	1574352667938	1574352668130	OK	 
REQUEST	1		request_24	1574352667993	1574352668176	OK	 
REQUEST	1		request_29	1574352668133	1574352668988	OK	 
REQUEST	1		request_26	1574352668091	1574352668997	OK	 
REQUEST	1		request_25	1574352668079	1574352669004	OK	 
REQUEST	1		request_27	1574352668114	1574352669021	OK	 
REQUEST	1		request_30	1574352668181	1574352669161	OK	 
REQUEST	1		request_28	1574352668122	1574352669166	OK	 
REQUEST	1		request_32	1574352669000	1574352669201	OK	 
REQUEST	1		request_31	1574352668991	1574352669204	OK	 
REQUEST	1		css?family=Open+Sans:300,400,600,700	1574352669190	1574352669237	OK	 
REQUEST	1		css?family=PT+Sans|Lato:300,400,400i,700	1574352669192	1574352669241	OK	 
REQUEST	1		css?family=Niconne	1574352669194	1574352669292	OK	 
REQUEST	1		Click Movies	1574352669294	1574352669518	OK	 
REQUEST	1		thumbnail.jpg	1574352669636	1574352669815	OK	 
REQUEST	1		moment.js	1574352669638	1574352669829	OK	 
REQUEST	1		jquery.form.min.js	1574352669637	1574352669835	OK	 
REQUEST	1		user.jpg?1574352670	1574352669635	1574352669840	OK	 
REQUEST	1		bootstrap-tagsinput.min.js	1574352669638	1574352669847	OK	 
REQUEST	1		daterangepicker.js	1574352669819	1574352670005	OK	 
REQUEST	1		bootstrap-datepicker.min.js	1574352669832	1574352670013	OK	 
REQUEST	1		bootstrap-filestyle.min.js	1574352669838	1574352670017	OK	 
REQUEST	1		select2.min.js	1574352669843	1574352670035	OK	 
REQUEST	1		summernote.min.js	1574352669849	1574352670046	OK	 
REQUEST	1		poster.jpg	1574352669636	1574352670183	OK	 
REQUEST	1		date.js	1574352670008	1574352670187	OK	 
REQUEST	1		font-awesome.min.css	1574352669639	1574352670242	OK	 
REQUEST	1		request_34	1574352670248	1574352670587	OK	 
REQUEST	1		request_35	1574352670592	1574352670793	OK	 
REQUEST	1		request_36	1574352670799	1574352671143	OK	 
ERROR	Click create Video: Failed to build request: Resource com/zemtpeople/gatling/zentvideo/0037_request.dat not found 	1574352671147
REQUEST	1		Preview Uploaded File	1574352671155	1574352671393	OK	 
ERROR	request_41: Failed to build request: Resource com/zemtpeople/gatling/zentvideo/0041_request.dat not found 	1574352671445
ERROR	request_42: Failed to build request: Resource com/zemtpeople/gatling/zentvideo/0042_request.dat not found 	1574352671445
ERROR	request_43: Failed to build request: Resource com/zemtpeople/gatling/zentvideo/0043_request.dat not found 	1574352671446
ERROR	request_44: Failed to build request: Resource com/zemtpeople/gatling/zentvideo/0044_request.dat not found 	1574352671446
REQUEST	1		videojs-logo.min.css	1574352671452	1574352671634	OK	 
REQUEST	1		video.min.js	1574352671452	1574352671655	OK	 
REQUEST	1		videojs-tube.min.css	1574352671452	1574352671662	OK	 
REQUEST	1		video-js.css	1574352671451	1574352671669	OK	 
REQUEST	1		videojs-share.css	1574352671453	1574352671678	OK	 
REQUEST	1		videojs-seek-buttons.css	1574352671453	1574352671681	OK	 
REQUEST	1		css?family=Material+Icons	1574352671685	1574352671731	OK	 
REQUEST	1		user.jpg	1574352671640	1574352671815	OK	 
REQUEST	1		imdb-logo.png	1574352671658	1574352671828	OK	 
REQUEST	1		logout	1574352671831	1574352672120	OK	 
REQUEST	1		request_46	1574352672124	1574352672335	OK	 
USER	ZentVideo	1	END	1574352664151	1574352672366
